<?xml version="1.0" encoding="UTF-8"?>
<!-- Generated by org.testng.reporters.JUnitReportReporter -->
<testsuite hostname="DESKTOP-1ASD3IE" failures="0" tests="2" name="smokeTestSuite_NavBar.DomesticJourneysOpenTarrifsLinksTest" time="3.217" errors="1" timestamp="03 ian. 2023 13:28:49 GMT" skipped="1">
  <testcase classname="smokeTestSuite_NavBar.DomesticJourneysOpenTarrifsLinksTest" name="testDomesticJourneysOpenPriceLinks" time="0.000">
    <skipped/>
  </testcase> <!-- testDomesticJourneysOpenPriceLinks -->
  <testcase classname="smokeTestSuite_NavBar.DomesticJourneysOpenTarrifsLinksTest" name="setup" time="3.217">
    <error message="Error communicating with the remote browser. It may have died.
Build info: version: &#039;4.5.0&#039;, revision: &#039;fe167b119a&#039;
System info: os.name: &#039;Windows 10&#039;, os.arch: &#039;amd64&#039;, os.version: &#039;10.0&#039;, java.version: &#039;11.0.2&#039;
Driver info: org.openqa.selenium.chrome.ChromeDriver
Command: [e5070e498db982c7ca75798254e7a310, get {url=https://www.cfrcalatori.ro/}]
Capabilities {acceptInsecureCerts: false, browserName: chrome, browserVersion: 108.0.5359.125, chrome: {chromedriverVersion: 108.0.5359.71 (1e0e3868ee06..., userDataDir: C:\Users\Valentin\AppData\L...}, goog:chromeOptions: {debuggerAddress: localhost:58844}, networkConnectionEnabled: false, pageLoadStrategy: normal, platformName: WINDOWS, proxy: Proxy(), se:cdp: ws://localhost:58844/devtoo..., se:cdpVersion: 108.0.5359.125, setWindowRect: true, strictFileInteractability: false, timeouts: {implicit: 0, pageLoad: 300000, script: 30000}, unhandledPromptBehavior: dismiss and notify, webauthn:extension:credBlob: true, webauthn:extension:largeBlob: true, webauthn:virtualAuthenticators: true}
Session ID: e5070e498db982c7ca75798254e7a310" type="org.openqa.selenium.remote.UnreachableBrowserException">
      <![CDATA[org.openqa.selenium.remote.UnreachableBrowserException: Error communicating with the remote browser. It may have died.Build info: version: '4.5.0', revision: 'fe167b119a'System info: os.name: 'Windows 10', os.arch: 'amd64', os.version: '10.0', java.version: '11.0.2'Driver info: org.openqa.selenium.chrome.ChromeDriverCommand: [e5070e498db982c7ca75798254e7a310, get {url=https://www.cfrcalatori.ro/}]Capabilities {acceptInsecureCerts: false, browserName: chrome, browserVersion: 108.0.5359.125, chrome: {chromedriverVersion: 108.0.5359.71 (1e0e3868ee06..., userDataDir: C:\Users\Valentin\AppData\L...}, goog:chromeOptions: {debuggerAddress: localhost:58844}, networkConnectionEnabled: false, pageLoadStrategy: normal, platformName: WINDOWS, proxy: Proxy(), se:cdp: ws://localhost:58844/devtoo..., se:cdpVersion: 108.0.5359.125, setWindowRect: true, strictFileInteractability: false, timeouts: {implicit: 0, pageLoad: 300000, script: 30000}, unhandledPromptBehavior: dismiss and notify, webauthn:extension:credBlob: true, webauthn:extension:largeBlob: true, webauthn:virtualAuthenticators: true}Session ID: e5070e498db982c7ca75798254e7a310at org.openqa.selenium.remote.RemoteWebDriver.execute(RemoteWebDriver.java:571)at org.openqa.selenium.remote.RemoteWebDriver.get(RemoteWebDriver.java:310)at smokeTestSuite_NavBar.DomesticJourneysOpenTarrifsLinksTest.setup(DomesticJourneysOpenTarrifsLinksTest.java:29)at java.base/jdk.internal.reflect.NativeMethodAccessorImpl.invoke0(Native Method)at java.base/jdk.internal.reflect.NativeMethodAccessorImpl.invoke(NativeMethodAccessorImpl.java:62)at java.base/jdk.internal.reflect.DelegatingMethodAccessorImpl.invoke(DelegatingMethodAccessorImpl.java:43)at java.base/java.lang.reflect.Method.invoke(Method.java:566)at org.testng.internal.MethodInvocationHelper.invokeMethod(MethodInvocationHelper.java:124)at org.testng.internal.MethodInvocationHelper.invokeMethodConsideringTimeout(MethodInvocationHelper.java:59)at org.testng.internal.Invoker.invokeConfigurationMethod(Invoker.java:451)at org.testng.internal.Invoker.invokeConfigurations(Invoker.java:222)at org.testng.internal.Invoker.invokeConfigurations(Invoker.java:142)at org.testng.internal.TestMethodWorker.invokeBeforeClassMethods(TestMethodWorker.java:163)at org.testng.internal.TestMethodWorker.run(TestMethodWorker.java:105)at org.testng.TestRunner.privateRun(TestRunner.java:648)at org.testng.TestRunner.run(TestRunner.java:505)at org.testng.SuiteRunner.runTest(SuiteRunner.java:455)at org.testng.SuiteRunner.runSequentially(SuiteRunner.java:450)at org.testng.SuiteRunner.privateRun(SuiteRunner.java:415)at org.testng.SuiteRunner.run(SuiteRunner.java:364)at org.testng.SuiteRunnerWorker.runSuite(SuiteRunnerWorker.java:52)at org.testng.SuiteRunnerWorker.run(SuiteRunnerWorker.java:84)at org.testng.TestNG.runSuitesSequentially(TestNG.java:1187)at org.testng.TestNG.runSuitesLocally(TestNG.java:1116)at org.testng.TestNG.runSuites(TestNG.java:1028)at org.testng.TestNG.run(TestNG.java:996)at org.testng.remote.AbstractRemoteTestNG.run(AbstractRemoteTestNG.java:114)at org.testng.remote.RemoteTestNG.initAndRun(RemoteTestNG.java:251)at org.testng.remote.RemoteTestNG.main(RemoteTestNG.java:77)Caused by: java.io.UncheckedIOException: java.io.IOException: An existing connection was forcibly closed by the remote hostat org.openqa.selenium.remote.http.netty.NettyHttpHandler.makeCall(NettyHttpHandler.java:73)at org.openqa.selenium.remote.http.AddSeleniumUserAgent.lambda$apply$0(AddSeleniumUserAgent.java:42)at org.openqa.selenium.remote.http.Filter.lambda$andFinally$1(Filter.java:56)at org.openqa.selenium.remote.http.netty.NettyHttpHandler.execute(NettyHttpHandler.java:49)at org.openqa.selenium.remote.http.AddSeleniumUserAgent.lambda$apply$0(AddSeleniumUserAgent.java:42)at org.openqa.selenium.remote.http.Filter.lambda$andFinally$1(Filter.java:56)at org.openqa.selenium.remote.http.netty.NettyClient.execute(NettyClient.java:99)at org.openqa.selenium.remote.HttpCommandExecutor.execute(HttpCommandExecutor.java:181)at org.openqa.selenium.remote.service.DriverCommandExecutor.invokeExecute(DriverCommandExecutor.java:167)at org.openqa.selenium.remote.service.DriverCommandExecutor.execute(DriverCommandExecutor.java:142)at org.openqa.selenium.remote.RemoteWebDriver.execute(RemoteWebDriver.java:547)... 28 moreCaused by: java.io.IOException: An existing connection was forcibly closed by the remote hostat java.base/sun.nio.ch.SocketDispatcher.read0(Native Method)at java.base/sun.nio.ch.SocketDispatcher.read(SocketDispatcher.java:43)at java.base/sun.nio.ch.IOUtil.readIntoNativeBuffer(IOUtil.java:276)at java.base/sun.nio.ch.IOUtil.read(IOUtil.java:233)at java.base/sun.nio.ch.IOUtil.read(IOUtil.java:223)at java.base/sun.nio.ch.SocketChannelImpl.read(SocketChannelImpl.java:358)at io.netty.buffer.PooledByteBuf.setBytes(PooledByteBuf.java:258)at io.netty.buffer.AbstractByteBuf.writeBytes(AbstractByteBuf.java:1132)at io.netty.channel.socket.nio.NioSocketChannel.doReadBytes(NioSocketChannel.java:357)at io.netty.channel.nio.AbstractNioByteChannel$NioByteUnsafe.read(AbstractNioByteChannel.java:151)at io.netty.channel.nio.NioEventLoop.processSelectedKey(NioEventLoop.java:722)at io.netty.channel.nio.NioEventLoop.processSelectedKeysOptimized(NioEventLoop.java:658)at io.netty.channel.nio.NioEventLoop.processSelectedKeys(NioEventLoop.java:584)at io.netty.channel.nio.NioEventLoop.run(NioEventLoop.java:496)at io.netty.util.concurrent.SingleThreadEventExecutor$4.run(SingleThreadEventExecutor.java:997)at io.netty.util.internal.ThreadExecutorMap$2.run(ThreadExecutorMap.java:74)at io.netty.util.concurrent.FastThreadLocalRunnable.run(FastThreadLocalRunnable.java:30)at java.base/java.lang.Thread.run(Thread.java:834)]]>
    </error>
  </testcase> <!-- setup -->
</testsuite> <!-- smokeTestSuite_NavBar.DomesticJourneysOpenTarrifsLinksTest -->
