<?xml version="1.0" encoding="UTF-8"?>
<!-- Generated by org.testng.reporters.JUnitReportReporter -->
<testsuite hostname="DESKTOP-1ASD3IE" failures="0" tests="1" name="domesticJourneysSuite_BasicSearch_PositiveFlows.SearchWithMapPickedValuesForArrivalAndDepartureTest" time="19.079" errors="0" timestamp="26 feb. 2023 11:57:50 GMT" skipped="0">
  <testcase classname="domesticJourneysSuite_BasicSearch_PositiveFlows.SearchWithMapPickedValuesForArrivalAndDepartureTest" name="SearchWithMapPickedValuesForArrivalAndDeparture" time="19.079"/>
</testsuite> <!-- domesticJourneysSuite_BasicSearch_PositiveFlows.SearchWithMapPickedValuesForArrivalAndDepartureTest -->
