<?xml version="1.0" encoding="UTF-8"?>
<!-- Generated by org.testng.reporters.JUnitReportReporter -->
<testsuite hostname="DESKTOP-1ASD3IE" failures="0" tests="1" name="smokeTestSuite_NavBar.DomesticJourneysOpenPriceLinksTest" time="20.313" errors="0" timestamp="28 dec. 2022 09:03:20 GMT" skipped="0">
  <testcase classname="smokeTestSuite_NavBar.DomesticJourneysOpenPriceLinksTest" name="testDomesticJourneysOpenPriceLinks" time="20.313"/>
</testsuite> <!-- smokeTestSuite_NavBar.DomesticJourneysOpenPriceLinksTest -->
