<?xml version="1.0" encoding="UTF-8"?>
<!-- Generated by org.testng.reporters.JUnitReportReporter -->
<testsuite hostname="DESKTOP-1ASD3IE" failures="0" tests="1" name="smokeTestSuite.CreateNewAccountTest" time="17.553" errors="0" timestamp="29 ian. 2023 08:04:36 GMT" skipped="0">
  <testcase classname="smokeTestSuite.CreateNewAccountTest" name="testCreateNewAccount" time="17.553"/>
</testsuite> <!-- smokeTestSuite.CreateNewAccountTest -->
