<?xml version="1.0" encoding="UTF-8"?>
<!-- Generated by org.testng.reporters.JUnitReportReporter -->
<testsuite hostname="DESKTOP-1ASD3IE" failures="0" tests="1" name="domesticJourneysSuite_PositiveFlows.SearchWithCalendarPickedDateTest" time="1.468" errors="0" timestamp="19 feb. 2023 09:39:28 GMT" skipped="0">
  <testcase classname="domesticJourneysSuite_PositiveFlows.SearchWithCalendarPickedDateTest" name="searchWithCalendarPickedDate" time="1.468"/>
</testsuite> <!-- domesticJourneysSuite_PositiveFlows.SearchWithCalendarPickedDateTest -->
