<?xml version="1.0" encoding="UTF-8"?>
<!-- Generated by org.testng.reporters.JUnitReportReporter -->
<testsuite hostname="DESKTOP-1ASD3IE" failures="0" tests="1" name="smokeTestSuite_NavBar.DomesticJourneysOpenOfferLinksTest" time="37.345" errors="0" timestamp="27 dec. 2022 09:15:25 GMT" skipped="0">
  <testcase classname="smokeTestSuite_NavBar.DomesticJourneysOpenOfferLinksTest" name="testDomesticJourneysOpenOfferLinks" time="37.345"/>
</testsuite> <!-- smokeTestSuite_NavBar.DomesticJourneysOpenOfferLinksTest -->
