<?xml version="1.0" encoding="UTF-8"?>
<!-- Generated by org.testng.reporters.JUnitReportReporter -->
<testsuite hostname="DESKTOP-1ASD3IE" failures="0" tests="1" name="smokeTestSuite.m1" time="8.771" errors="0" timestamp="20 dec. 2022 07:26:54 GMT" skipped="0">
  <testcase classname="smokeTestSuite.m1" name="setup" time="8.771"/>
</testsuite> <!-- smokeTestSuite.m1 -->
