<?xml version="1.0" encoding="UTF-8"?>
<!-- Generated by org.testng.reporters.JUnitReportReporter -->
<testsuite hostname="DESKTOP-1ASD3IE" failures="0" tests="1" name="domesticJourneysSuite_PositiveFlows.SearchWithCalendarPickedDateLastAllowedDay" time="6.394" errors="0" timestamp="26 feb. 2023 11:24:29 GMT" skipped="0">
  <testcase classname="domesticJourneysSuite_PositiveFlows.SearchWithCalendarPickedDateLastAllowedDay" name="searchWithCalendarPickedDate" time="6.394"/>
</testsuite> <!-- domesticJourneysSuite_PositiveFlows.SearchWithCalendarPickedDateLastAllowedDay -->
