<?xml version="1.0" encoding="UTF-8"?>
<!-- Generated by org.testng.reporters.JUnitReportReporter -->
<testsuite hostname="DESKTOP-1ASD3IE" failures="0" tests="1" name="smokeTestSuite.LoginWithExistingAccountTest" time="4.815" errors="0" timestamp="29 ian. 2023 08:04:36 GMT" skipped="0">
  <testcase classname="smokeTestSuite.LoginWithExistingAccountTest" name="testLoginWithExistingAccount" time="4.815"/>
</testsuite> <!-- smokeTestSuite.LoginWithExistingAccountTest -->
