<?xml version="1.0" encoding="UTF-8"?>
<!-- Generated by org.testng.reporters.JUnitReportReporter -->
<testsuite hostname="DESKTOP-1ASD3IE" failures="0" tests="1" name="smokeTestSuite_NavBar.DomesticJourneysOpenPriceLinks" time="20.527" errors="0" timestamp="19 dec. 2022 12:39:06 GMT" skipped="0">
  <testcase classname="smokeTestSuite_NavBar.DomesticJourneysOpenPriceLinks" name="testDomesticJourneysOpenPriceLinks" time="20.527"/>
</testsuite> <!-- smokeTestSuite_NavBar.DomesticJourneysOpenPriceLinks -->
