<?xml version="1.0" encoding="UTF-8"?>
<!-- Generated by org.testng.reporters.JUnitReportReporter -->
<testsuite hostname="DESKTOP-1ASD3IE" failures="0" tests="1" name="domesticJourneysSuite_PositiveFlows.SearchWithManuallyInsertedValuesForArrivalAndDeparture" time="0.015" errors="0" timestamp="22 dec. 2022 13:21:10 GMT" skipped="0">
  <testcase classname="domesticJourneysSuite_PositiveFlows.SearchWithManuallyInsertedValuesForArrivalAndDeparture" name="helloWorld" time="0.015"/>
</testsuite> <!-- domesticJourneysSuite_PositiveFlows.SearchWithManuallyInsertedValuesForArrivalAndDeparture -->
