<?xml version="1.0" encoding="UTF-8"?>
<!-- Generated by org.testng.reporters.JUnitReportReporter -->
<testsuite hostname="DESKTOP-1ASD3IE" failures="0" tests="1" name="smokeTestSuite_NavBar.DomesticJourneysOpenLinks" time="2.350" errors="0" timestamp="19 dec. 2022 10:12:34 GMT" skipped="0">
  <testcase classname="smokeTestSuite_NavBar.DomesticJourneysOpenLinks" name="testDomesticJourneysOpenLinks" time="2.350"/>
</testsuite> <!-- smokeTestSuite_NavBar.DomesticJourneysOpenLinks -->
